   10304    83   5 CO(OONO2)CH(ONO2)CH(OOH)-O-CHO
   10304    82   5 CH3CO-O-COCH(ONO2)CHO
   10304    81   5 CH2(OOH)COCH(ONO2)CH(ONO2)(OOH)
   10304    80   5 CO(OONO2)CH2CH(ONO2)-O-CHO
   10304    79   5 CO(OH)CH(OOH)CH(OOH)-O-CHO
   10304    78   5 CH3CO-O-COCH2(ONO2)
   10304    77   5 CH2(ONO2)COCOCOCH(ONO2)CHO
   10304    76   5 CH2(OH)COCOCH2(OH)
   10304    75   5 CH2(ONO2)COCH(ONO2)COCH(ONO2)CHO
   10304    74   5 CO(OH)CH(OH)COCO(OH)
   10304    73   5 CO(OH)CH(OH)CH(ONO2)CH(ONO2)CH(OH)CH2(ONO2)
   10304    72   5 CHOCH(ONO2)CO-O-CHO
   10304    71   5 C1H2CH(ONO2)CH(ONO2)CH(ONO2)CH(OH)C1H(ONO2)
   10304    70   5 CH3CO-O-CH(OOH)CH(OOH)CO(OH)
   10304    69   5 CHOCH(OH)CH2CH(OH)CH(ONO2)CHO
   10304    68   5 CH2(ONO2)C(OH)(OOH)CO(OONO2)
   10304    67   5 CH2(OOH)COCOCH(ONO2)(OOH)
   10304    66   5 CO(OH)CH(OH)CH(OH)CH(OH)CO(OH)
   10304    65   5 CH(OH)(ONO2)CO(OOH)
   10304    64   5 CH2(ONO2)COCH(ONO2)(OOH)
   10304    63   5 CH2(OH)CH(OH)CH(ONO2)CH(ONO2)CH(ONO2)CO(OONO2)
   10304    62   5 CO(OOH)CH(OH)CH(OH)CH(OH)CH(OH)CHO
   10304    61   5 CH2(OH)COCH(OH)COCH(OH)CO(OOH)
   10304    60   5 CH(ONO2)(OOH)COCO(OONO2)
   10304    59   5 CH(OH)(ONO2)CH2(OOH)
   10304    58   5 CHOCH(ONO2)-O-CHO
   10304    57   5 CH2(ONO2)C(OH)(OOH)CH2(ONO2)
   10304    56   5 CH3CO-O-CH(OH)CO(OONO2)
   10304    55   5 CH(OH)(OOH)CH(ONO2)CO(OOH)
   10304    54   5 C1H(OH)CH(ONO2)CH2CH(OOH)CH(OOH)C1H(OH)
   10304    53   5 CH2(OOH)COCOCH(OH)(OOH)
   10304    52   5 CH(OH)(OH)CO(OONO2)
   10304    51   5 CO(OH)CH(OH)(ONO2)
   10304    50   5 CO(OH)CH(OOH)Cd(OOH)=CdH2
   10304    49   5 CO(OONO2)CH(OH)-O-CHO
   10304    48   5 CH2(ONO2)C(OH)(OOH)CHO
   10304    47   5 CO(NO2)CH(OH)CO(OONO2)
   10304    46   5 CHOCH(ONO2)CdH=CdH(OOH)
   10304    45   5 CH(OH)(OOH)COCO(OONO2)
   10304    44   5 CH2(OH)CH(OH)CO-O-CHO
   10304    43   5 CH(ONO2)(OOH)CH(OH)CO(OONO2)
   10304    42   5 CHOCH(OOH)CH(ONO2)-O-CHO
   10304    41   5 C1H(OH)CH(ONO2)CH2CH(OOH)CH(ONO2)C1H(OH)
   10304    40   5 CH2(ONO2)COCOCOCOCHO
   10304    39   5 CH2(OH)COCH(ONO2)CH(OH)(ONO2)
   10304    38   5 CH3CO-O-CH(OOH)COCO(OONO2)
   10304    37   5 CO(OONO2)COCH(OOH)-O-CHO
   10304    36   5 CH(ONO2)(OOH)COCO(OOH)
   10304    35   5 CHOCH(OH)CO-O-CHO
   10304    34   5 CO(OONO2)C(OH)(OOH)CHO
   10304    33   5 CH3CO-O-COCH(OH)CHO
   10304    32   5 CH(NO2)(OOH)COCO(OONO2)
   10304    31   5 CH3CO-O-COCH(OH)CH2(OH)
   10304    30   5 CH(OH)(OOH)CH(OH)CO(OONO2)
   10304    29   5 CO(OONO2)CH(OH)COCH(OH)CH(OH)CHO
   10304    28   5 CH(OH)(ONO2)COCH2(OOH)
   10304    27   5 CH3CO-O-CH(OOH)CH(OH)CO(OONO2)
   10304    26   5 CO(OONO2)CH(OH)CH(OOH)-O-CHO
   10304    25   5 CH(OH)(OOH)COCO(OOH)
   10304    24   5 CH2(ONO2)CH(OOH)C(OH)(OOH)CHO
   10304    23   5 CH2(OH)C(OH)(OOH)CH2(OOH)
   10304    22   5 CH3CH(OOH)COCH2(OOH)
   10304    21   5 CH(ONO2)(OOH)CH(OH)CO(OOH)
   10304    20   5 CH2(OH)C(OH)(OOH)CO(OONO2)
   10304    19   5 CH2(ONO2)COCH(OH)(OOH)
   10304    18   5 CH(NO2)(OOH)CH(OH)CO(OONO2)
   10304    17   5 CO(OONO2)CH(OH)CH(OH)CH(OH)CH(OH)CHO
   10304    16   5 CO(OONO2)CH2CH(OH)-O-CHO
   10304    15   5 CH(OH)(OOH)CH(OH)CO(OOH)
   10304    14   5 CH2(OH)C(OH)(OOH)CH2(ONO2)
   10304    13   5 CH2(OH)C(OH)(OOH)CHO
   10304    12   5 CH(OH)(OH)CHO
   10304    11   5 C1H2CH(ONO2)CH(OH)CH(ONO2)CH(OH)C1H(ONO2)
   10304    10   5 CHOCH(OH)-O-CHO
   10304     9   5 CH2(ONO2)CH(OH)Cd(OOH)=CdH2
   10304     8   5 CH3CO-O-CH(OH)CO(OOH)
   10304     7   5 CH2(OH)CH(OH)CH(ONO2)CH(ONO2)CH(OH)CO(OONO2)
   10304     6   5 CH3CO-O-CH(OH)CH2CO(OONO2)
   10304     5   5 CH(OH)(OH)CO(OOH)
   10304     4   5 CH(OH)(OH)CH2(OOH)
   10304     3   5 CHOCH(OOH)CH(OH)-O-CHO
   10304     2   5 CH(OH)(OH)COCH2(OOH)
   10304     1   5 CHOCH(OH)CH(OH)CH(OH)CHO
   10304     0   5 CH2(OH)Cd(OOH)=CdH(OOH)
